h:\current\protectionprogram\x64\release\vc143.pdb
h:\current\protectionprogram\x64\release\utils.obj
h:\current\protectionprogram\x64\release\protectionprogram.obj
h:\current\protectionprogram\x64\release\protectionprogram.exe
h:\current\protectionprogram\x64\release\protectionprogram.pdb
h:\current\protectionprogram\x64\release\protectionprogram.ipdb
h:\current\protectionprogram\x64\release\protectionprogram.iobj
d:\current\protectionprogram\x64\release\protectionprogram.obj
d:\current\protectionprogram\x64\release\utils.obj
d:\current\protectionprogram\x64\release\protectionprogram.ipdb
d:\current\protectionprogram\x64\release\protectionprogram.iobj
d:\current\protectionprogram\x64\release\protectionprogram.pdb
d:\current\protectionprogram\x64\release\vc143.pdb
d:\current\protectionprogram\x64\release\protecti.41139af5.tlog\cl.command.1.tlog
d:\current\protectionprogram\x64\release\protecti.41139af5.tlog\cl.items.tlog
d:\current\protectionprogram\x64\release\protecti.41139af5.tlog\cl.read.1.tlog
d:\current\protectionprogram\x64\release\protecti.41139af5.tlog\cl.write.1.tlog
d:\current\protectionprogram\x64\release\protecti.41139af5.tlog\link.command.1.tlog
d:\current\protectionprogram\x64\release\protecti.41139af5.tlog\link.read.1.tlog
d:\current\protectionprogram\x64\release\protecti.41139af5.tlog\link.write.1.tlog
d:\current\protectionprogram\x64\release\protecti.41139af5.tlog\link.write.2u.tlog
