h:\current\protectionservice\x64\release\vc143.pdb
h:\current\protectionservice\x64\release\utils.obj
h:\current\protectionservice\x64\release\protectionservice.obj
h:\current\protectionservice\x64\release\protectionservice.exe
h:\current\protectionservice\x64\release\protectionservice.pdb
h:\current\protectionservice\x64\release\protectionservice.ipdb
h:\current\protectionservice\x64\release\protectionservice.iobj
d:\current\protectionservice\x64\release\protectionservice.obj
d:\current\protectionservice\x64\release\utils.obj
d:\current\protectionservice\x64\release\protectionservice.ipdb
d:\current\protectionservice\x64\release\protectionservice.iobj
d:\current\protectionservice\x64\release\protectionservice.pdb
d:\current\protectionservice\x64\release\vc143.pdb
d:\current\protectionservice\x64\release\protectionservice.exe
d:\current\protectionservice\x64\release\protecti.7cccc5ca.tlog\cl.command.1.tlog
d:\current\protectionservice\x64\release\protecti.7cccc5ca.tlog\cl.items.tlog
d:\current\protectionservice\x64\release\protecti.7cccc5ca.tlog\cl.read.1.tlog
d:\current\protectionservice\x64\release\protecti.7cccc5ca.tlog\cl.write.1.tlog
d:\current\protectionservice\x64\release\protecti.7cccc5ca.tlog\link.command.1.tlog
d:\current\protectionservice\x64\release\protecti.7cccc5ca.tlog\link.read.1.tlog
d:\current\protectionservice\x64\release\protecti.7cccc5ca.tlog\link.write.1.tlog
d:\current\protectionservice\x64\release\protecti.7cccc5ca.tlog\link.write.2u.tlog
